<component name="libraryTable">
  <library name="junit:junit-dep:4.8.2" type="repository">
    <properties maven-id="junit:junit-dep:4.8.2" />
    <CLASSES>
      <root url="jar://$USER_HOME$/.m2/repository/junit/junit-dep/4.8.2/junit-dep-4.8.2.jar!/" />
      <root url="jar://$USER_HOME$/.m2/repository/org/hamcrest/hamcrest-core/1.1/hamcrest-core-1.1.jar!/" />
    </CLASSES>
    <JAVADOC />
    <SOURCES />
  </library>
</component>